<?xml version="1.0" encoding="UTF-8"?>
<testng-results ignored="0" total="2" passed="2" failed="0" skipped="0">
  <reporter-output>
  </reporter-output>
  <suite started-at="2024-07-01T18:05:13 IST" name="Suite" finished-at="2024-07-01T18:06:58 IST" duration-ms="105042">
    <groups>
    </groups>
    <test started-at="2024-07-01T18:05:13 IST" name="Test" finished-at="2024-07-01T18:06:58 IST" duration-ms="105042">
      <class name="Organization.Create_OrganizationTest">
        <test-method is-config="true" signature="beforeClass()[pri:0, instance:Organization.Create_OrganizationTest@26794848]" started-at="2024-07-01T18:06:31 IST" name="beforeClass" finished-at="2024-07-01T18:06:33 IST" duration-ms="1839" status="PASS">
          <reporter-output>
          </reporter-output>
        </test-method> <!-- beforeClass -->
        <test-method is-config="true" signature="beforeMethod()[pri:0, instance:Organization.Create_OrganizationTest@26794848]" started-at="2024-07-01T18:06:33 IST" name="beforeMethod" finished-at="2024-07-01T18:06:39 IST" duration-ms="6064" status="PASS">
          <reporter-output>
          </reporter-output>
        </test-method> <!-- beforeMethod -->
        <test-method signature="Create_OrganizationTest()[pri:0, instance:Organization.Create_OrganizationTest@26794848]" started-at="2024-07-01T18:06:39 IST" name="Create_OrganizationTest" finished-at="2024-07-01T18:06:52 IST" duration-ms="12398" status="PASS">
          <reporter-output>
          </reporter-output>
        </test-method> <!-- Create_OrganizationTest -->
        <test-method is-config="true" signature="afterMethod()[pri:0, instance:Organization.Create_OrganizationTest@26794848]" started-at="2024-07-01T18:06:52 IST" name="afterMethod" finished-at="2024-07-01T18:06:58 IST" duration-ms="6110" status="PASS">
          <reporter-output>
          </reporter-output>
        </test-method> <!-- afterMethod -->
        <test-method is-config="true" signature="afterClass()[pri:0, instance:Organization.Create_OrganizationTest@26794848]" started-at="2024-07-01T18:06:58 IST" name="afterClass" finished-at="2024-07-01T18:06:58 IST" duration-ms="480" status="PASS">
          <reporter-output>
          </reporter-output>
        </test-method> <!-- afterClass -->
      </class> <!-- Organization.Create_OrganizationTest -->
      <class name="Campaign.Create_CampaignTest">
        <test-method is-config="true" signature="beforeSuit()[pri:0, instance:Campaign.Create_CampaignTest@198b6731]" started-at="2024-07-01T18:05:13 IST" name="beforeSuit" finished-at="2024-07-01T18:05:13 IST" duration-ms="35" status="PASS">
          <reporter-output>
          </reporter-output>
        </test-method> <!-- beforeSuit -->
        <test-method is-config="true" signature="beforeTest()[pri:0, instance:Campaign.Create_CampaignTest@198b6731]" started-at="2024-07-01T18:05:13 IST" name="beforeTest" finished-at="2024-07-01T18:05:13 IST" duration-ms="3" status="PASS">
          <reporter-output>
          </reporter-output>
        </test-method> <!-- beforeTest -->
        <test-method is-config="true" signature="beforeClass()[pri:0, instance:Campaign.Create_CampaignTest@198b6731]" started-at="2024-07-01T18:05:13 IST" name="beforeClass" finished-at="2024-07-01T18:05:17 IST" duration-ms="3766" status="PASS">
          <reporter-output>
          </reporter-output>
        </test-method> <!-- beforeClass -->
        <test-method is-config="true" signature="beforeMethod()[pri:0, instance:Campaign.Create_CampaignTest@198b6731]" started-at="2024-07-01T18:05:17 IST" name="beforeMethod" finished-at="2024-07-01T18:05:40 IST" duration-ms="23155" status="PASS">
          <reporter-output>
          </reporter-output>
        </test-method> <!-- beforeMethod -->
        <test-method signature="Create_CampaignTest()[pri:0, instance:Campaign.Create_CampaignTest@198b6731]" started-at="2024-07-01T18:05:40 IST" name="Create_CampaignTest" finished-at="2024-07-01T18:06:27 IST" duration-ms="46448" status="PASS">
          <reporter-output>
          </reporter-output>
        </test-method> <!-- Create_CampaignTest -->
        <test-method is-config="true" signature="afterMethod()[pri:0, instance:Campaign.Create_CampaignTest@198b6731]" started-at="2024-07-01T18:06:27 IST" name="afterMethod" finished-at="2024-07-01T18:06:31 IST" duration-ms="3884" status="PASS">
          <reporter-output>
          </reporter-output>
        </test-method> <!-- afterMethod -->
        <test-method is-config="true" signature="afterClass()[pri:0, instance:Campaign.Create_CampaignTest@198b6731]" started-at="2024-07-01T18:06:31 IST" name="afterClass" finished-at="2024-07-01T18:06:31 IST" duration-ms="447" status="PASS">
          <reporter-output>
          </reporter-output>
        </test-method> <!-- afterClass -->
        <test-method is-config="true" signature="afterTest()[pri:0, instance:Campaign.Create_CampaignTest@198b6731]" started-at="2024-07-01T18:06:58 IST" name="afterTest" finished-at="2024-07-01T18:06:58 IST" duration-ms="0" status="PASS">
          <reporter-output>
          </reporter-output>
        </test-method> <!-- afterTest -->
        <test-method is-config="true" signature="afterSuit()[pri:0, instance:Campaign.Create_CampaignTest@198b6731]" started-at="2024-07-01T18:06:59 IST" name="afterSuit" finished-at="2024-07-01T18:07:00 IST" duration-ms="507" status="PASS">
          <reporter-output>
          </reporter-output>
        </test-method> <!-- afterSuit -->
      </class> <!-- Campaign.Create_CampaignTest -->
    </test> <!-- Test -->
  </suite> <!-- Suite -->
</testng-results>
