<?xml version="1.0" encoding="UTF-8"?>
<!-- Generated by org.testng.reporters.JUnitXMLReporter -->
<testsuite ignored="4" hostname="LAPTOP-2E8A84ST" failures="0" tests="2" name="TestRunner2" time="59.191" errors="0" timestamp="2024-06-24T14:06:49 IST">
  <testcase classname="Campaign.Create_CampaignTest" name="Create_CampaignTest" time="21.98"/>
  <testcase classname="Organization.Create_OrganizationTest" name="Create_OrganizationTest" time="14.057"/>
  <testcase classname="Generric_Utilities.BaseClass" name="@AfterTest afterTest" time="0.0">
    <ignored/>
  </testcase> <!-- @AfterTest afterTest -->
  <testcase classname="Generric_Utilities.BaseClass" name="@BeforeTest beforeTest" time="0.0">
    <ignored/>
  </testcase> <!-- @BeforeTest beforeTest -->
  <testcase classname="Generric_Utilities.BaseClass" name="@BeforeSuite beforeSuit" time="0.0">
    <ignored/>
  </testcase> <!-- @BeforeSuite beforeSuit -->
  <testcase classname="Generric_Utilities.BaseClass" name="@AfterSuite afterSuit" time="0.0">
    <ignored/>
  </testcase> <!-- @AfterSuite afterSuit -->
</testsuite> <!-- TestRunner2 -->
